‚úÖ Cloudinary –Ω–∞—Å—Ç—Ä–æ–µ–Ω —É—Å–ø–µ—à–Ω–æ
ü§ñ –ë–æ—Ç –∑–∞–ø—É—â–µ–Ω –∏ –≥–æ—Ç–æ–≤ –∫ —Ä–∞–±–æ—Ç–µ...
üë• –ê–≤—Ç–æ—Ä–∏–∑–æ–≤–∞–Ω–Ω—ã—Ö –ø–æ–ª—å–∑–æ–≤–∞—Ç–µ–ª–µ–π: 1
   IDs: [5644397480]
2025-11-12 16:39:21,117 (__init__.py:1115 MainThread) ERROR - TeleBot: "Infinity polling exception: ('Connection aborted.', RemoteDisconnected('Remote end closed connection without response'))"
2025-11-12 16:39:21,150 (__init__.py:1117 MainThread) ERROR - TeleBot: "Exception traceback:
Traceback (most recent call last):
  File "urllib3\connectionpool.py", line 787, in urlopen
  File "urllib3\connectionpool.py", line 534, in _make_request
  File "urllib3\connection.py", line 565, in getresponse
  File "http\client.py", line 1395, in getresponse
  File "http\client.py", line 325, in begin
  File "http\client.py", line 294, in _read_status
http.client.RemoteDisconnected: Remote end closed connection without response

During handling of the above exception, another exception occurred:

Traceback (most recent call last):
  File "requests\adapters.py", line 644, in send
  File "urllib3\connectionpool.py", line 841, in urlopen
  File "urllib3\util\retry.py", line 474, in increment
  File "urllib3\util\util.py", line 38, in reraise
  File "urllib3\connectionpool.py", line 787, in urlopen
  File "urllib3\connectionpool.py", line 534, in _make_request
  File "urllib3\connection.py", line 565, in getresponse
  File "http\client.py", line 1395, in getresponse
  File "http\client.py", line 325, in begin
  File "http\client.py", line 294, in _read_status
urllib3.exceptions.ProtocolError: ('Connection aborted.', RemoteDisconnected('Remote end closed connection without response'))

During handling of the above exception, another exception occurred:

Traceback (most recent call last):
  File "telebot\__init__.py", line 1110, in infinity_polling
  File "telebot\__init__.py", line 1198, in polling
  File "telebot\__init__.py", line 1273, in __threaded_polling
  File "telebot\__init__.py", line 1234, in __threaded_polling
  File "telebot\util.py", line 115, in raise_exceptions
  File "telebot\util.py", line 97, in run
  File "telebot\__init__.py", line 688, in __retrieve_updates
  File "telebot\__init__.py", line 660, in get_updates
  File "telebot\apihelper.py", line 339, in get_updates
  File "telebot\apihelper.py", line 162, in _make_request
  File "requests\sessions.py", line 589, in request
  File "requests\sessions.py", line 703, in send
  File "requests\adapters.py", line 659, in send
requests.exceptions.ConnectionError: ('Connection aborted.', RemoteDisconnected('Remote end closed connection without response'))